{"/Users/josephmwanzia/my-projects/nodeJS-projects/roadmap.sh/projects/TMDB_CLI_tool/index.ts": {"path":"/Users/josephmwanzia/my-projects/nodeJS-projects/roadmap.sh/projects/TMDB_CLI_tool/index.ts","statementMap":{"0":{"start":{"line":5,"column":0},"end":{"line":5,"column":16}},"1":{"start":{"line":2,"column":0},"end":{"line":2,"column":25}},"2":{"start":{"line":3,"column":26},"end":{"line":3,"column":37}},"3":{"start":{"line":6,"column":4},"end":{"line":9,"column":5}},"4":{"start":{"line":7,"column":8},"end":{"line":7,"column":54}},"5":{"start":{"line":8,"column":8},"end":{"line":8,"column":24}},"6":{"start":{"line":11,"column":4},"end":{"line":14,"column":5}},"7":{"start":{"line":12,"column":8},"end":{"line":12,"column":52}},"8":{"start":{"line":13,"column":8},"end":{"line":13,"column":24}},"9":{"start":{"line":16,"column":25},"end":{"line":21,"column":6}},"10":{"start":{"line":23,"column":4},"end":{"line":26,"column":5}},"11":{"start":{"line":24,"column":8},"end":{"line":24,"column":62}},"12":{"start":{"line":25,"column":8},"end":{"line":25,"column":24}},"13":{"start":{"line":28,"column":20},"end":{"line":28,"column":64}},"14":{"start":{"line":29,"column":19},"end":{"line":29,"column":42}},"15":{"start":{"line":31,"column":4},"end":{"line":31,"column":31}},"16":{"start":{"line":35,"column":16},"end":{"line":35,"column":91}},"17":{"start":{"line":37,"column":20},"end":{"line":43,"column":6}},"18":{"start":{"line":45,"column":4},"end":{"line":51,"column":42}},"19":{"start":{"line":46,"column":21},"end":{"line":46,"column":31}},"20":{"start":{"line":48,"column":12},"end":{"line":48,"column":null}},"21":{"start":{"line":49,"column":12},"end":{"line":49,"column":null}},"22":{"start":{"line":51,"column":22},"end":{"line":51,"column":40}},"23":{"start":{"line":54,"column":0},"end":{"line":56,"column":1}},"24":{"start":{"line":55,"column":4},"end":{"line":55,"column":13}}},"fnMap":{"0":{"name":"runCLI","decl":{"start":{"line":5,"column":16},"end":{"line":5,"column":22}},"loc":{"start":{"line":5,"column":22},"end":{"line":32,"column":1}}},"1":{"name":"showMovie","decl":{"start":{"line":34,"column":15},"end":{"line":34,"column":24}},"loc":{"start":{"line":34,"column":46},"end":{"line":52,"column":null}}},"2":{"name":"(anonymous_10)","decl":{"start":{"line":46,"column":14},"end":{"line":46,"column":17}},"loc":{"start":{"line":46,"column":21},"end":{"line":46,"column":31}}},"3":{"name":"(anonymous_11)","decl":{"start":{"line":47,"column":14},"end":{"line":47,"column":18}},"loc":{"start":{"line":47,"column":21},"end":{"line":50,"column":9}}},"4":{"name":"(anonymous_12)","decl":{"start":{"line":51,"column":15},"end":{"line":51,"column":18}},"loc":{"start":{"line":51,"column":22},"end":{"line":51,"column":40}}}},"branchMap":{"0":{"loc":{"start":{"line":6,"column":4},"end":{"line":9,"column":5}},"type":"if","locations":[{"start":{"line":6,"column":4},"end":{"line":9,"column":5}},{"start":{},"end":{}}]},"1":{"loc":{"start":{"line":11,"column":4},"end":{"line":14,"column":5}},"type":"if","locations":[{"start":{"line":11,"column":4},"end":{"line":14,"column":5}},{"start":{},"end":{}}]},"2":{"loc":{"start":{"line":23,"column":4},"end":{"line":26,"column":5}},"type":"if","locations":[{"start":{"line":23,"column":4},"end":{"line":26,"column":5}},{"start":{},"end":{}}]},"3":{"loc":{"start":{"line":54,"column":0},"end":{"line":56,"column":1}},"type":"if","locations":[{"start":{"line":54,"column":0},"end":{"line":56,"column":1}},{"start":{},"end":{}}]}},"s":{"0":4,"1":4,"2":4,"3":4,"4":1,"5":1,"6":3,"7":1,"8":1,"9":2,"10":2,"11":1,"12":1,"13":1,"14":1,"15":1,"16":1,"17":1,"18":1,"19":1,"20":1,"21":1,"22":0,"23":4,"24":0},"f":{"0":4,"1":1,"2":1,"3":1,"4":0},"b":{"0":[1,3],"1":[1,2],"2":[1,1],"3":[0,4]}}
,"/Users/josephmwanzia/my-projects/nodeJS-projects/roadmap.sh/projects/TMDB_CLI_tool/__test__/helpers/mockCli.ts": {"path":"/Users/josephmwanzia/my-projects/nodeJS-projects/roadmap.sh/projects/TMDB_CLI_tool/__test__/helpers/mockCli.ts","statementMap":{"0":{"start":{"line":1,"column":0},"end":{"line":1,"column":16}},"1":{"start":{"line":2,"column":2},"end":{"line":2,"column":42}}},"fnMap":{"0":{"name":"setCliArgs","decl":{"start":{"line":1,"column":16},"end":{"line":1,"column":26}},"loc":{"start":{"line":1,"column":41},"end":{"line":3,"column":1}}}},"branchMap":{},"s":{"0":1,"1":4},"f":{"0":4},"b":{}}
,"/Users/josephmwanzia/my-projects/nodeJS-projects/roadmap.sh/projects/TMDB_CLI_tool/__test__/helpers/mockEnv.ts": {"path":"/Users/josephmwanzia/my-projects/nodeJS-projects/roadmap.sh/projects/TMDB_CLI_tool/__test__/helpers/mockEnv.ts","statementMap":{"0":{"start":{"line":1,"column":0},"end":{"line":1,"column":16}},"1":{"start":{"line":2,"column":2},"end":{"line":4,"column":3}},"2":{"start":{"line":3,"column":4},"end":{"line":3,"column":32}}},"fnMap":{"0":{"name":"setEnv","decl":{"start":{"line":1,"column":16},"end":{"line":1,"column":22}},"loc":{"start":{"line":1,"column":50},"end":{"line":5,"column":1}}}},"branchMap":{},"s":{"0":1,"1":4,"2":4},"f":{"0":4},"b":{}}
,"/Users/josephmwanzia/my-projects/nodeJS-projects/roadmap.sh/projects/TMDB_CLI_tool/__test__/helpers/mockExit.ts": {"path":"/Users/josephmwanzia/my-projects/nodeJS-projects/roadmap.sh/projects/TMDB_CLI_tool/__test__/helpers/mockExit.ts","statementMap":{"0":{"start":{"line":1,"column":0},"end":{"line":1,"column":16}},"1":{"start":{"line":2,"column":2},"end":{"line":6,"column":15}},"2":{"start":{"line":5,"column":6},"end":{"line":5,"column":45}}},"fnMap":{"0":{"name":"mockExit","decl":{"start":{"line":1,"column":16},"end":{"line":1,"column":24}},"loc":{"start":{"line":1,"column":24},"end":{"line":7,"column":1}}},"1":{"name":"(anonymous_1)","decl":{"start":{"line":4,"column":25},"end":{"line":4,"column":28}},"loc":{"start":{"line":4,"column":30},"end":{"line":6,"column":5}}}},"branchMap":{},"s":{"0":1,"1":3,"2":3},"f":{"0":3,"1":3},"b":{}}
,"/Users/josephmwanzia/my-projects/nodeJS-projects/roadmap.sh/projects/TMDB_CLI_tool/__test__/helpers/mockFetch.ts": {"path":"/Users/josephmwanzia/my-projects/nodeJS-projects/roadmap.sh/projects/TMDB_CLI_tool/__test__/helpers/mockFetch.ts","statementMap":{"0":{"start":{"line":1,"column":0},"end":{"line":1,"column":16}},"1":{"start":{"line":2,"column":2},"end":{"line":6,"column":11}},"2":{"start":{"line":3,"column":4},"end":{"line":5,"column":6}},"3":{"start":{"line":4,"column":18},"end":{"line":4,"column":43}}},"fnMap":{"0":{"name":"mockFetch","decl":{"start":{"line":1,"column":16},"end":{"line":1,"column":25}},"loc":{"start":{"line":1,"column":39},"end":{"line":7,"column":1}}},"1":{"name":"(anonymous_1)","decl":{"start":{"line":2,"column":25},"end":{"line":2,"column":28}},"loc":{"start":{"line":3,"column":4},"end":{"line":5,"column":6}}},"2":{"name":"(anonymous_2)","decl":{"start":{"line":4,"column":12},"end":{"line":4,"column":15}},"loc":{"start":{"line":4,"column":18},"end":{"line":4,"column":43}}}},"branchMap":{},"s":{"0":1,"1":1,"2":1,"3":1},"f":{"0":1,"1":1,"2":1},"b":{}}
}
