TN:
SF:index.ts
FN:5,runCLI
FN:34,showMovie
FN:46,(anonymous_10)
FN:47,(anonymous_11)
FN:51,(anonymous_12)
FNF:5
FNH:4
FNDA:4,runCLI
FNDA:1,showMovie
FNDA:1,(anonymous_10)
FNDA:1,(anonymous_11)
FNDA:0,(anonymous_12)
DA:2,4
DA:3,4
DA:5,4
DA:6,4
DA:7,1
DA:8,1
DA:11,3
DA:12,1
DA:13,1
DA:16,2
DA:23,2
DA:24,1
DA:25,1
DA:28,1
DA:29,1
DA:31,1
DA:35,1
DA:37,1
DA:45,1
DA:46,1
DA:48,1
DA:49,1
DA:51,0
DA:54,4
DA:55,0
LF:25
LH:23
BRDA:6,0,0,1
BRDA:6,0,1,3
BRDA:11,1,0,1
BRDA:11,1,1,2
BRDA:23,2,0,1
BRDA:23,2,1,1
BRDA:54,3,0,0
BRDA:54,3,1,4
BRF:8
BRH:7
end_of_record
TN:
SF:__test__/helpers/mockCli.ts
FN:1,setCliArgs
FNF:1
FNH:1
FNDA:4,setCliArgs
DA:1,1
DA:2,4
LF:2
LH:2
BRF:0
BRH:0
end_of_record
TN:
SF:__test__/helpers/mockEnv.ts
FN:1,setEnv
FNF:1
FNH:1
FNDA:4,setEnv
DA:1,1
DA:2,4
DA:3,4
LF:3
LH:3
BRF:0
BRH:0
end_of_record
TN:
SF:__test__/helpers/mockExit.ts
FN:1,mockExit
FN:4,(anonymous_1)
FNF:2
FNH:2
FNDA:3,mockExit
FNDA:3,(anonymous_1)
DA:1,1
DA:2,3
DA:5,3
LF:3
LH:3
BRF:0
BRH:0
end_of_record
TN:
SF:__test__/helpers/mockFetch.ts
FN:1,mockFetch
FN:2,(anonymous_1)
FN:4,(anonymous_2)
FNF:3
FNH:3
FNDA:1,mockFetch
FNDA:1,(anonymous_1)
FNDA:1,(anonymous_2)
DA:1,1
DA:2,1
DA:3,1
DA:4,1
LF:4
LH:4
BRF:0
BRH:0
end_of_record
